<?xml version="1.0" encoding="UTF-8"?>
<!-- Generated by org.testng.reporters.JUnitReportReporter -->
<testsuite hostname="DESKTOP-9RD2K0O" failures="0" tests="1" name="tp.GmailAssersion" time="5.529" errors="0" timestamp="2024-06-05T01:19:10 IST" skipped="0">
  <testcase classname="tp.GmailAssersion" name="f" time="5.529"/>
  <system-out/>
</testsuite> <!-- tp.GmailAssersion -->
