<?xml version="1.0" encoding="UTF-8"?>
<!-- Generated by org.testng.reporters.JUnitReportReporter -->
<testsuite hostname="DESKTOP-9RD2K0O" failures="0" tests="4" name="tp.enabletestcase" time="0.031" errors="0" timestamp="2024-06-05T01:19:10 IST" skipped="1">
  <testcase classname="tp.enabletestcase" name="f4" time="0.003"/>
  <system-out/>
  <testcase classname="tp.enabletestcase" name="firstTestCase" time="0.004"/>
  <system-out/>
  <testcase classname="tp.enabletestcase" name="f3" time="0.024"/>
  <system-out/>
  <testcase classname="tp.enabletestcase" name="f2">
    <skipped/>
  </testcase> <!-- f2 -->
  <system-out/>
</testsuite> <!-- tp.enabletestcase -->
