<?xml version="1.0" encoding="UTF-8"?>
<!-- Generated by org.testng.reporters.JUnitReportReporter -->
<testsuite hostname="DESKTOP-9RD2K0O" failures="0" tests="1" name="tp.GmailAssersion" time="14.036" errors="0" timestamp="2024-06-05T13:11:28 IST" skipped="0">
  <testcase classname="tp.GmailAssersion" name="f" time="14.036"/>
  <system-out/>
</testsuite> <!-- tp.GmailAssersion -->
