<?xml version="1.0" encoding="UTF-8"?>
<!-- Generated by org.testng.reporters.JUnitReportReporter -->
<testsuite hostname="DESKTOP-9RD2K0O" failures="0" tests="4" name="tp.enabletestcase" time="0.044" errors="0" timestamp="2024-06-05T13:11:28 IST" skipped="1">
  <testcase classname="tp.enabletestcase" name="f4" time="0.010"/>
  <system-out/>
  <testcase classname="tp.enabletestcase" name="firstTestCase" time="0.002"/>
  <system-out/>
  <testcase classname="tp.enabletestcase" name="f3" time="0.032"/>
  <system-out/>
  <testcase classname="tp.enabletestcase" name="f2">
    <skipped/>
  </testcase> <!-- f2 -->
  <system-out/>
</testsuite> <!-- tp.enabletestcase -->
